f:\shreeganesha\upwork\01_sarah mutahar\assignment_0-sarahmutahar-master\assignment_0-sarahmutahar-master\common\glfw-3.3\src\src\debug\glfw3.pdb
f:\shreeganesha\upwork\01_sarah mutahar\assignment_0-sarahmutahar-master\assignment_0-sarahmutahar-master\common\glfw-3.3\src\src\glfw.dir\debug\osmesa_context.obj
f:\shreeganesha\upwork\01_sarah mutahar\assignment_0-sarahmutahar-master\assignment_0-sarahmutahar-master\common\glfw-3.3\src\src\glfw.dir\debug\egl_context.obj
f:\shreeganesha\upwork\01_sarah mutahar\assignment_0-sarahmutahar-master\assignment_0-sarahmutahar-master\common\glfw-3.3\src\src\glfw.dir\debug\wgl_context.obj
f:\shreeganesha\upwork\01_sarah mutahar\assignment_0-sarahmutahar-master\assignment_0-sarahmutahar-master\common\glfw-3.3\src\src\glfw.dir\debug\win32_window.obj
f:\shreeganesha\upwork\01_sarah mutahar\assignment_0-sarahmutahar-master\assignment_0-sarahmutahar-master\common\glfw-3.3\src\src\glfw.dir\debug\win32_thread.obj
f:\shreeganesha\upwork\01_sarah mutahar\assignment_0-sarahmutahar-master\assignment_0-sarahmutahar-master\common\glfw-3.3\src\src\glfw.dir\debug\win32_time.obj
f:\shreeganesha\upwork\01_sarah mutahar\assignment_0-sarahmutahar-master\assignment_0-sarahmutahar-master\common\glfw-3.3\src\src\glfw.dir\debug\win32_monitor.obj
f:\shreeganesha\upwork\01_sarah mutahar\assignment_0-sarahmutahar-master\assignment_0-sarahmutahar-master\common\glfw-3.3\src\src\glfw.dir\debug\win32_joystick.obj
f:\shreeganesha\upwork\01_sarah mutahar\assignment_0-sarahmutahar-master\assignment_0-sarahmutahar-master\common\glfw-3.3\src\src\glfw.dir\debug\win32_init.obj
f:\shreeganesha\upwork\01_sarah mutahar\assignment_0-sarahmutahar-master\assignment_0-sarahmutahar-master\common\glfw-3.3\src\src\glfw.dir\debug\window.obj
f:\shreeganesha\upwork\01_sarah mutahar\assignment_0-sarahmutahar-master\assignment_0-sarahmutahar-master\common\glfw-3.3\src\src\glfw.dir\debug\vulkan.obj
f:\shreeganesha\upwork\01_sarah mutahar\assignment_0-sarahmutahar-master\assignment_0-sarahmutahar-master\common\glfw-3.3\src\src\glfw.dir\debug\monitor.obj
f:\shreeganesha\upwork\01_sarah mutahar\assignment_0-sarahmutahar-master\assignment_0-sarahmutahar-master\common\glfw-3.3\src\src\glfw.dir\debug\input.obj
f:\shreeganesha\upwork\01_sarah mutahar\assignment_0-sarahmutahar-master\assignment_0-sarahmutahar-master\common\glfw-3.3\src\src\glfw.dir\debug\init.obj
f:\shreeganesha\upwork\01_sarah mutahar\assignment_0-sarahmutahar-master\assignment_0-sarahmutahar-master\common\glfw-3.3\src\src\glfw.dir\debug\context.obj
f:\shreeganesha\upwork\01_sarah mutahar\assignment_0-sarahmutahar-master\assignment_0-sarahmutahar-master\common\glfw-3.3\src\src\cmakefiles\generate.stamp
f:\shreeganesha\upwork\01_sarah mutahar\assignment_0-sarahmutahar-master\assignment_0-sarahmutahar-master\common\glfw-3.3\src\src\debug\glfw3.lib
f:\shreeganesha\upwork\01_sarah mutahar\assignment_0-sarahmutahar-master\assignment_0-sarahmutahar-master\common\glfw-3.3\src\src\glfw.dir\debug\glfw.tlog\cl.command.1.tlog
f:\shreeganesha\upwork\01_sarah mutahar\assignment_0-sarahmutahar-master\assignment_0-sarahmutahar-master\common\glfw-3.3\src\src\glfw.dir\debug\glfw.tlog\cl.read.1.tlog
f:\shreeganesha\upwork\01_sarah mutahar\assignment_0-sarahmutahar-master\assignment_0-sarahmutahar-master\common\glfw-3.3\src\src\glfw.dir\debug\glfw.tlog\cl.write.1.tlog
f:\shreeganesha\upwork\01_sarah mutahar\assignment_0-sarahmutahar-master\assignment_0-sarahmutahar-master\common\glfw-3.3\src\src\glfw.dir\debug\glfw.tlog\custombuild.command.1.tlog
f:\shreeganesha\upwork\01_sarah mutahar\assignment_0-sarahmutahar-master\assignment_0-sarahmutahar-master\common\glfw-3.3\src\src\glfw.dir\debug\glfw.tlog\custombuild.read.1.tlog
f:\shreeganesha\upwork\01_sarah mutahar\assignment_0-sarahmutahar-master\assignment_0-sarahmutahar-master\common\glfw-3.3\src\src\glfw.dir\debug\glfw.tlog\custombuild.write.1.tlog
f:\shreeganesha\upwork\01_sarah mutahar\assignment_0-sarahmutahar-master\assignment_0-sarahmutahar-master\common\glfw-3.3\src\src\glfw.dir\debug\glfw.tlog\lib-link.read.1.tlog
f:\shreeganesha\upwork\01_sarah mutahar\assignment_0-sarahmutahar-master\assignment_0-sarahmutahar-master\common\glfw-3.3\src\src\glfw.dir\debug\glfw.tlog\lib-link.write.1.tlog
f:\shreeganesha\upwork\01_sarah mutahar\assignment_0-sarahmutahar-master\assignment_0-sarahmutahar-master\common\glfw-3.3\src\src\glfw.dir\debug\glfw.tlog\lib.command.1.tlog
